[     117ms] [VERBOSE] [DOM] Input elements should have autocomplete attributes (suggested: "current-password"): (More info: https://goo.gl/9p2vKq) %o @ http://localhost:3100/login:0
[     199ms] [INFO] %cDownload the React DevTools for a better development experience: https://react.dev/link/react-devtools font-weight:bold @ http://localhost:3100/_next/static/chunks/node_modules_next_dist_115brz8._.js:2477
[     317ms] [LOG] [HMR] connected @ http://localhost:3100/_next/static/chunks/node_modules_next_dist_115brz8._.js:2477
[     409ms] [ERROR] Failed to load resource: the server responded with a status of 404 (Not Found) @ http://localhost:3100/favicon.ico:0
[   53850ms] [ERROR] Failed to load resource: net::ERR_CONNECTION_REFUSED @ http://localhost:4000/api/auth/login:0
[ 5337199ms] [LOG] [Fast Refresh] rebuilding @ http://localhost:3100/_next/static/chunks/node_modules_next_dist_115brz8._.js:2477
[ 5337527ms] [LOG] [Fast Refresh] done in 375ms @ http://localhost:3100/_next/static/chunks/node_modules_next_dist_115brz8._.js:2477
[ 5354170ms] [LOG] [Fast Refresh] rebuilding @ http://localhost:3100/_next/static/chunks/node_modules_next_dist_115brz8._.js:2477
[ 5354216ms] [LOG] [Fast Refresh] done in 31ms @ http://localhost:3100/_next/static/chunks/node_modules_next_dist_115brz8._.js:2477
[ 5460775ms] [LOG] [Fast Refresh] rebuilding @ http://localhost:3100/_next/static/chunks/node_modules_next_dist_115brz8._.js:2477
[ 5460905ms] [LOG] [Fast Refresh] done in 83ms @ http://localhost:3100/_next/static/chunks/node_modules_next_dist_115brz8._.js:2477
[ 5461065ms] [LOG] [Fast Refresh] rebuilding @ http://localhost:3100/_next/static/chunks/node_modules_next_dist_115brz8._.js:2477
[ 5461076ms] [LOG] [Fast Refresh] done in 111ms @ http://localhost:3100/_next/static/chunks/node_modules_next_dist_115brz8._.js:2477
[ 5461280ms] [LOG] [Fast Refresh] rebuilding @ http://localhost:3100/_next/static/chunks/node_modules_next_dist_115brz8._.js:2477
[ 5461326ms] [LOG] [Fast Refresh] done in 146ms @ http://localhost:3100/_next/static/chunks/node_modules_next_dist_115brz8._.js:2477
[ 5461851ms] [LOG] [Fast Refresh] rebuilding @ http://localhost:3100/_next/static/chunks/node_modules_next_dist_115brz8._.js:2477
[ 5461993ms] [LOG] [Fast Refresh] done in 242ms @ http://localhost:3100/_next/static/chunks/node_modules_next_dist_115brz8._.js:2477
[ 5462123ms] [LOG] [Fast Refresh] rebuilding @ http://localhost:3100/_next/static/chunks/node_modules_next_dist_115brz8._.js:2477
[ 5462124ms] [LOG] [Fast Refresh] done in 109ms @ http://localhost:3100/_next/static/chunks/node_modules_next_dist_115brz8._.js:2477
[ 5499157ms] [LOG] [Fast Refresh] rebuilding @ http://localhost:3100/_next/static/chunks/node_modules_next_dist_115brz8._.js:2477
[ 5499245ms] [LOG] [Fast Refresh] done in 91ms @ http://localhost:3100/_next/static/chunks/node_modules_next_dist_115brz8._.js:2477
[ 5499285ms] [LOG] [Fast Refresh] rebuilding @ http://localhost:3100/_next/static/chunks/node_modules_next_dist_115brz8._.js:2477
[ 5499286ms] [LOG] [Fast Refresh] done in 40ms @ http://localhost:3100/_next/static/chunks/node_modules_next_dist_115brz8._.js:2477
[ 5499503ms] [LOG] [Fast Refresh] rebuilding @ http://localhost:3100/_next/static/chunks/node_modules_next_dist_115brz8._.js:2477
[ 5499546ms] [LOG] [Fast Refresh] done in 144ms @ http://localhost:3100/_next/static/chunks/node_modules_next_dist_115brz8._.js:2477
[ 5499768ms] [LOG] [Fast Refresh] rebuilding @ http://localhost:3100/_next/static/chunks/node_modules_next_dist_115brz8._.js:2477
[ 5499783ms] [LOG] [Fast Refresh] done in 116ms @ http://localhost:3100/_next/static/chunks/node_modules_next_dist_115brz8._.js:2477
[ 5500064ms] [LOG] [Fast Refresh] rebuilding @ http://localhost:3100/_next/static/chunks/node_modules_next_dist_115brz8._.js:2477
[ 5500103ms] [LOG] [Fast Refresh] done in 140ms @ http://localhost:3100/_next/static/chunks/node_modules_next_dist_115brz8._.js:2477
[ 5500204ms] [LOG] [Fast Refresh] rebuilding @ http://localhost:3100/_next/static/chunks/node_modules_next_dist_115brz8._.js:2477
[ 5500344ms] [LOG] [Fast Refresh] done in 240ms @ http://localhost:3100/_next/static/chunks/node_modules_next_dist_115brz8._.js:2477
[ 5500465ms] [LOG] [Fast Refresh] rebuilding @ http://localhost:3100/_next/static/chunks/node_modules_next_dist_115brz8._.js:2477
[ 5500507ms] [LOG] [Fast Refresh] done in 141ms @ http://localhost:3100/_next/static/chunks/node_modules_next_dist_115brz8._.js:2477
[ 5521151ms] [LOG] [Fast Refresh] rebuilding @ http://localhost:3100/_next/static/chunks/node_modules_next_dist_115brz8._.js:2477
[ 5521242ms] [LOG] [Fast Refresh] done in 95ms @ http://localhost:3100/_next/static/chunks/node_modules_next_dist_115brz8._.js:2477
[ 5521409ms] [LOG] [Fast Refresh] rebuilding @ http://localhost:3100/_next/static/chunks/node_modules_next_dist_115brz8._.js:2477
[ 5521470ms] [LOG] [Fast Refresh] done in 161ms @ http://localhost:3100/_next/static/chunks/node_modules_next_dist_115brz8._.js:2477
[ 5521570ms] [LOG] [Fast Refresh] rebuilding @ http://localhost:3100/_next/static/chunks/node_modules_next_dist_115brz8._.js:2477
[ 5521769ms] [LOG] [Fast Refresh] done in 299ms @ http://localhost:3100/_next/static/chunks/node_modules_next_dist_115brz8._.js:2477
[ 5521870ms] [LOG] [Fast Refresh] rebuilding @ http://localhost:3100/_next/static/chunks/node_modules_next_dist_115brz8._.js:2477
[ 5521880ms] [LOG] [Fast Refresh] done in 111ms @ http://localhost:3100/_next/static/chunks/node_modules_next_dist_115brz8._.js:2477
[ 5521981ms] [LOG] [Fast Refresh] rebuilding @ http://localhost:3100/_next/static/chunks/node_modules_next_dist_115brz8._.js:2477
[ 5521992ms] [LOG] [Fast Refresh] done in 111ms @ http://localhost:3100/_next/static/chunks/node_modules_next_dist_115brz8._.js:2477
[ 5522194ms] [LOG] [Fast Refresh] rebuilding @ http://localhost:3100/_next/static/chunks/node_modules_next_dist_115brz8._.js:2477
[ 5522333ms] [LOG] [Fast Refresh] done in 239ms @ http://localhost:3100/_next/static/chunks/node_modules_next_dist_115brz8._.js:2477
[ 5522434ms] [LOG] [Fast Refresh] rebuilding @ http://localhost:3100/_next/static/chunks/node_modules_next_dist_115brz8._.js:2477
[ 5522496ms] [LOG] [Fast Refresh] done in 162ms @ http://localhost:3100/_next/static/chunks/node_modules_next_dist_115brz8._.js:2477
[ 5547217ms] [LOG] [Fast Refresh] rebuilding @ http://localhost:3100/_next/static/chunks/node_modules_next_dist_115brz8._.js:2477
[ 5547312ms] [LOG] [Fast Refresh] done in 94ms @ http://localhost:3100/_next/static/chunks/node_modules_next_dist_115brz8._.js:2477
[ 5547656ms] [LOG] [Fast Refresh] rebuilding @ http://localhost:3100/_next/static/chunks/node_modules_next_dist_115brz8._.js:2477
[ 5547779ms] [LOG] [Fast Refresh] done in 224ms @ http://localhost:3100/_next/static/chunks/node_modules_next_dist_115brz8._.js:2477
[ 5547881ms] [LOG] [Fast Refresh] rebuilding @ http://localhost:3100/_next/static/chunks/node_modules_next_dist_115brz8._.js:2477
[ 5547946ms] [LOG] [Fast Refresh] done in 165ms @ http://localhost:3100/_next/static/chunks/node_modules_next_dist_115brz8._.js:2477
[ 5548072ms] [LOG] [Fast Refresh] rebuilding @ http://localhost:3100/_next/static/chunks/node_modules_next_dist_115brz8._.js:2477
[ 5548150ms] [LOG] [Fast Refresh] done in 178ms @ http://localhost:3100/_next/static/chunks/node_modules_next_dist_115brz8._.js:2477
[ 5548358ms] [LOG] [Fast Refresh] rebuilding @ http://localhost:3100/_next/static/chunks/node_modules_next_dist_115brz8._.js:2477
[ 5548525ms] [LOG] [Fast Refresh] done in 267ms @ http://localhost:3100/_next/static/chunks/node_modules_next_dist_115brz8._.js:2477
[ 5548625ms] [LOG] [Fast Refresh] rebuilding @ http://localhost:3100/_next/static/chunks/node_modules_next_dist_115brz8._.js:2477
[ 5548681ms] [LOG] [Fast Refresh] done in 156ms @ http://localhost:3100/_next/static/chunks/node_modules_next_dist_115brz8._.js:2477
[ 5584503ms] [LOG] [Fast Refresh] rebuilding @ http://localhost:3100/_next/static/chunks/node_modules_next_dist_115brz8._.js:2477
[ 5584624ms] [LOG] [Fast Refresh] done in 92ms @ http://localhost:3100/_next/static/chunks/node_modules_next_dist_115brz8._.js:2477
[ 5584951ms] [LOG] [Fast Refresh] rebuilding @ http://localhost:3100/_next/static/chunks/node_modules_next_dist_115brz8._.js:2477
[ 5585053ms] [LOG] [Fast Refresh] done in 202ms @ http://localhost:3100/_next/static/chunks/node_modules_next_dist_115brz8._.js:2477
[ 5585269ms] [LOG] [Fast Refresh] rebuilding @ http://localhost:3100/_next/static/chunks/node_modules_next_dist_115brz8._.js:2477
[ 5585502ms] [LOG] [Fast Refresh] done in 334ms @ http://localhost:3100/_next/static/chunks/node_modules_next_dist_115brz8._.js:2477
[ 5585710ms] [LOG] [Fast Refresh] rebuilding @ http://localhost:3100/_next/static/chunks/node_modules_next_dist_115brz8._.js:2477
[ 5585873ms] [LOG] [Fast Refresh] done in 264ms @ http://localhost:3100/_next/static/chunks/node_modules_next_dist_115brz8._.js:2477
[ 5585994ms] [LOG] [Fast Refresh] rebuilding @ http://localhost:3100/_next/static/chunks/node_modules_next_dist_115brz8._.js:2477
[ 5586060ms] [LOG] [Fast Refresh] done in 166ms @ http://localhost:3100/_next/static/chunks/node_modules_next_dist_115brz8._.js:2477
[ 5613672ms] [LOG] [Fast Refresh] rebuilding @ http://localhost:3100/_next/static/chunks/node_modules_next_dist_115brz8._.js:2477
[ 5613777ms] [LOG] [Fast Refresh] done in 92ms @ http://localhost:3100/_next/static/chunks/node_modules_next_dist_115brz8._.js:2477
[ 5613986ms] [LOG] [Fast Refresh] rebuilding @ http://localhost:3100/_next/static/chunks/node_modules_next_dist_115brz8._.js:2477
[ 5614013ms] [LOG] [Fast Refresh] done in 128ms @ http://localhost:3100/_next/static/chunks/node_modules_next_dist_115brz8._.js:2477
[ 5614114ms] [LOG] [Fast Refresh] rebuilding @ http://localhost:3100/_next/static/chunks/node_modules_next_dist_115brz8._.js:2477
[ 5614161ms] [LOG] [Fast Refresh] done in 147ms @ http://localhost:3100/_next/static/chunks/node_modules_next_dist_115brz8._.js:2477
[ 5614493ms] [LOG] [Fast Refresh] rebuilding @ http://localhost:3100/_next/static/chunks/node_modules_next_dist_115brz8._.js:2477
[ 5614507ms] [LOG] [Fast Refresh] done in 115ms @ http://localhost:3100/_next/static/chunks/node_modules_next_dist_115brz8._.js:2477
[ 5614610ms] [LOG] [Fast Refresh] rebuilding @ http://localhost:3100/_next/static/chunks/node_modules_next_dist_115brz8._.js:2477
[ 5614625ms] [LOG] [Fast Refresh] done in 115ms @ http://localhost:3100/_next/static/chunks/node_modules_next_dist_115brz8._.js:2477
[ 5614838ms] [LOG] [Fast Refresh] rebuilding @ http://localhost:3100/_next/static/chunks/node_modules_next_dist_115brz8._.js:2477
[ 5614938ms] [LOG] [Fast Refresh] done in 200ms @ http://localhost:3100/_next/static/chunks/node_modules_next_dist_115brz8._.js:2477
[ 6170174ms] [LOG] [Fast Refresh] rebuilding @ http://localhost:3100/_next/static/chunks/node_modules_next_dist_115brz8._.js:2477
[ 6170201ms] [LOG] [Fast Refresh] done in 57ms @ http://localhost:3100/_next/static/chunks/node_modules_next_dist_115brz8._.js:2477
[ 8161686ms] [LOG] [Fast Refresh] rebuilding @ http://localhost:3100/_next/static/chunks/node_modules_next_dist_115brz8._.js:2477
[ 8161715ms] [LOG] [Fast Refresh] done in 48ms @ http://localhost:3100/_next/static/chunks/node_modules_next_dist_115brz8._.js:2477
[ 8969637ms] [LOG] [Fast Refresh] rebuilding @ http://localhost:3100/_next/static/chunks/node_modules_next_dist_115brz8._.js:2477
[ 8969665ms] [LOG] [Fast Refresh] done in 45ms @ http://localhost:3100/_next/static/chunks/node_modules_next_dist_115brz8._.js:2477
[ 9084588ms] [LOG] [Fast Refresh] rebuilding @ http://localhost:3100/_next/static/chunks/node_modules_next_dist_115brz8._.js:2477
[ 9084617ms] [LOG] [Fast Refresh] done in 51ms @ http://localhost:3100/_next/static/chunks/node_modules_next_dist_115brz8._.js:2477
[26801241ms] [LOG] [Fast Refresh] rebuilding @ http://localhost:3100/_next/static/chunks/node_modules_next_dist_115brz8._.js:2477
[26801329ms] [LOG] [Fast Refresh] done in 98ms @ http://localhost:3100/_next/static/chunks/node_modules_next_dist_115brz8._.js:2477
[26801616ms] [LOG] [Fast Refresh] rebuilding @ http://localhost:3100/_next/static/chunks/node_modules_next_dist_115brz8._.js:2477
[26801646ms] [LOG] [Fast Refresh] done in 131ms @ http://localhost:3100/_next/static/chunks/node_modules_next_dist_115brz8._.js:2477
[26801766ms] [LOG] [Fast Refresh] rebuilding @ http://localhost:3100/_next/static/chunks/node_modules_next_dist_115brz8._.js:2477
[26801840ms] [LOG] [Fast Refresh] done in 173ms @ http://localhost:3100/_next/static/chunks/node_modules_next_dist_115brz8._.js:2477
[26802010ms] [LOG] [Fast Refresh] rebuilding @ http://localhost:3100/_next/static/chunks/node_modules_next_dist_115brz8._.js:2477
[26802201ms] [LOG] [Fast Refresh] done in 291ms @ http://localhost:3100/_next/static/chunks/node_modules_next_dist_115brz8._.js:2477
[26802302ms] [LOG] [Fast Refresh] rebuilding @ http://localhost:3100/_next/static/chunks/node_modules_next_dist_115brz8._.js:2477
[26802313ms] [LOG] [Fast Refresh] done in 112ms @ http://localhost:3100/_next/static/chunks/node_modules_next_dist_115brz8._.js:2477
[26802414ms] [LOG] [Fast Refresh] rebuilding @ http://localhost:3100/_next/static/chunks/node_modules_next_dist_115brz8._.js:2477
[26802430ms] [LOG] [Fast Refresh] done in 115ms @ http://localhost:3100/_next/static/chunks/node_modules_next_dist_115brz8._.js:2477
[26802667ms] [LOG] [Fast Refresh] rebuilding @ http://localhost:3100/_next/static/chunks/node_modules_next_dist_115brz8._.js:2477
[26802841ms] [LOG] [Fast Refresh] done in 273ms @ http://localhost:3100/_next/static/chunks/node_modules_next_dist_115brz8._.js:2477
[26829852ms] [LOG] [Fast Refresh] rebuilding @ http://localhost:3100/_next/static/chunks/node_modules_next_dist_115brz8._.js:2477
[26829882ms] [LOG] [Fast Refresh] done in 43ms @ http://localhost:3100/_next/static/chunks/node_modules_next_dist_115brz8._.js:2477
[26901071ms] [LOG] [Fast Refresh] rebuilding @ http://localhost:3100/_next/static/chunks/node_modules_next_dist_115brz8._.js:2477
[26901099ms] [LOG] [Fast Refresh] done in 47ms @ http://localhost:3100/_next/static/chunks/node_modules_next_dist_115brz8._.js:2477
[31024328ms] [LOG] [Fast Refresh] rebuilding @ http://localhost:3100/_next/static/chunks/node_modules_next_dist_115brz8._.js:2477
[31024356ms] [LOG] [Fast Refresh] done in 52ms @ http://localhost:3100/_next/static/chunks/node_modules_next_dist_115brz8._.js:2477
[31065600ms] [LOG] [Fast Refresh] rebuilding @ http://localhost:3100/_next/static/chunks/node_modules_next_dist_115brz8._.js:2477
[31065630ms] [LOG] [Fast Refresh] done in 44ms @ http://localhost:3100/_next/static/chunks/node_modules_next_dist_115brz8._.js:2477
[31222992ms] [LOG] [Fast Refresh] rebuilding @ http://localhost:3100/_next/static/chunks/node_modules_next_dist_115brz8._.js:2477
[31223020ms] [LOG] [Fast Refresh] done in 46ms @ http://localhost:3100/_next/static/chunks/node_modules_next_dist_115brz8._.js:2477
[31320329ms] [LOG] [Fast Refresh] rebuilding @ http://localhost:3100/_next/static/chunks/node_modules_next_dist_115brz8._.js:2477
[31320370ms] [LOG] [Fast Refresh] done in 28ms @ http://localhost:3100/_next/static/chunks/node_modules_next_dist_115brz8._.js:2477
[31333516ms] [LOG] [Fast Refresh] rebuilding @ http://localhost:3100/_next/static/chunks/node_modules_next_dist_115brz8._.js:2477
[31333568ms] [LOG] [Fast Refresh] done in 27ms @ http://localhost:3100/_next/static/chunks/node_modules_next_dist_115brz8._.js:2477
[31378988ms] [LOG] [Fast Refresh] rebuilding @ http://localhost:3100/_next/static/chunks/node_modules_next_dist_115brz8._.js:2477
[31379156ms] [LOG] [Fast Refresh] done in 170ms @ http://localhost:3100/_next/static/chunks/node_modules_next_dist_115brz8._.js:2477
[31379482ms] [LOG] [Fast Refresh] rebuilding @ http://localhost:3100/_next/static/chunks/node_modules_next_dist_115brz8._.js:2477
[31379501ms] [LOG] [Fast Refresh] done in 120ms @ http://localhost:3100/_next/static/chunks/node_modules_next_dist_115brz8._.js:2477
[31379602ms] [LOG] [Fast Refresh] rebuilding @ http://localhost:3100/_next/static/chunks/node_modules_next_dist_115brz8._.js:2477
[31379619ms] [LOG] [Fast Refresh] done in 117ms @ http://localhost:3100/_next/static/chunks/node_modules_next_dist_115brz8._.js:2477
[31379737ms] [LOG] [Fast Refresh] rebuilding @ http://localhost:3100/_next/static/chunks/node_modules_next_dist_115brz8._.js:2477
[31379958ms] [LOG] [Fast Refresh] done in 322ms @ http://localhost:3100/_next/static/chunks/node_modules_next_dist_115brz8._.js:2477
[31380059ms] [LOG] [Fast Refresh] rebuilding @ http://localhost:3100/_next/static/chunks/node_modules_next_dist_115brz8._.js:2477
[31380219ms] [LOG] [Fast Refresh] done in 260ms @ http://localhost:3100/_next/static/chunks/node_modules_next_dist_115brz8._.js:2477
[31380319ms] [LOG] [Fast Refresh] rebuilding @ http://localhost:3100/_next/static/chunks/node_modules_next_dist_115brz8._.js:2477
[31380453ms] [LOG] [Fast Refresh] done in 234ms @ http://localhost:3100/_next/static/chunks/node_modules_next_dist_115brz8._.js:2477
[31380574ms] [LOG] [Fast Refresh] rebuilding @ http://localhost:3100/_next/static/chunks/node_modules_next_dist_115brz8._.js:2477
[31380680ms] [LOG] [Fast Refresh] done in 205ms @ http://localhost:3100/_next/static/chunks/node_modules_next_dist_115brz8._.js:2477
